c:\users\glenn_000\documents\visual studio 2013\projects\latestversion\linegame\linegame\debug\linegame.pch
c:\users\glenn_000\documents\visual studio 2013\projects\latestversion\linegame\linegame\debug\vc120.pdb
c:\users\glenn_000\documents\visual studio 2013\projects\latestversion\linegame\linegame\debug\stdafx.obj
c:\users\glenn_000\documents\visual studio 2013\projects\latestversion\linegame\linegame\debug\node.obj
c:\users\glenn_000\documents\visual studio 2013\projects\latestversion\linegame\linegame\debug\astar.obj
c:\users\glenn_000\documents\visual studio 2013\projects\latestversion\linegame\linegame\debug\tilemap.obj
c:\users\glenn_000\documents\visual studio 2013\projects\latestversion\linegame\linegame\debug\simmanager.obj
c:\users\glenn_000\documents\visual studio 2013\projects\latestversion\linegame\linegame\debug\input.obj
c:\users\glenn_000\documents\visual studio 2013\projects\latestversion\linegame\linegame\debug\assemblyinfo.obj
c:\users\glenn_000\documents\visual studio 2013\projects\latestversion\linegame\linegame\debug\.netframework,version=v4.0.assemblyattributes.obj
c:\users\glenn_000\documents\visual studio 2013\projects\latestversion\linegame\linegame\debug\linegame.obj
c:\users\glenn_000\documents\visual studio 2013\projects\latestversion\linegame\linegame\debug\linegame.form1.resources
c:\users\glenn_000\documents\visual studio 2013\projects\latestversion\linegame\debug\linegame.exe
c:\users\glenn_000\documents\visual studio 2013\projects\latestversion\linegame\debug\linegame.pdb
c:\users\glenn_000\documents\visual studio 2013\projects\latestversion\linegame\linegame\debug\app.res
c:\users\glenn_000\documents\visual studio 2013\projects\latestversion\linegame\linegame\debug\linegame.vcxproj.generateresource.cache
c:\users\glenn_000\documents\visual studio 2013\projects\latestversion\linegame\linegame\debug\linegame.vcxprojresolveassemblyreference.cache
c:\users\glenn_000\documents\visual studio 2013\projects\latestversion\linegame\linegame\debug\linegame.tlog\cl.command.1.tlog
c:\users\glenn_000\documents\visual studio 2013\projects\latestversion\linegame\linegame\debug\linegame.tlog\cl.read.1.tlog
c:\users\glenn_000\documents\visual studio 2013\projects\latestversion\linegame\linegame\debug\linegame.tlog\cl.write.1.tlog
c:\users\glenn_000\documents\visual studio 2013\projects\latestversion\linegame\linegame\debug\linegame.tlog\linegame.write.1u.tlog
c:\users\glenn_000\documents\visual studio 2013\projects\latestversion\linegame\linegame\debug\linegame.tlog\link.command.1.tlog
c:\users\glenn_000\documents\visual studio 2013\projects\latestversion\linegame\linegame\debug\linegame.tlog\link.read.1.tlog
c:\users\glenn_000\documents\visual studio 2013\projects\latestversion\linegame\linegame\debug\linegame.tlog\link.write.1.tlog
c:\users\glenn_000\documents\visual studio 2013\projects\latestversion\linegame\linegame\debug\linegame.tlog\metagen.read.1.tlog
c:\users\glenn_000\documents\visual studio 2013\projects\latestversion\linegame\linegame\debug\linegame.tlog\metagen.write.1.tlog
c:\users\glenn_000\documents\visual studio 2013\projects\latestversion\linegame\linegame\debug\linegame.tlog\rc.command.1.tlog
c:\users\glenn_000\documents\visual studio 2013\projects\latestversion\linegame\linegame\debug\linegame.tlog\rc.read.1.tlog
c:\users\glenn_000\documents\visual studio 2013\projects\latestversion\linegame\linegame\debug\linegame.tlog\rc.write.1.tlog
c:\users\glenn_000\documents\visual studio 2013\projects\latestversion\linegame\linegame\debug\linegame.tlog\tzres.dll.bi
