Build started 5/08/2014 10:10:15 p.m..
     1>Project "C:\Users\glenn_000\Documents\GitHub\ADS\ViginereEncryption\ViginereEncryption\ViginereEncryption.vcxproj" on node 2 (build target(s)).
     1>InitializeBuildStatus:
         Creating "Debug\ViginereEncryption.unsuccessfulbuild" because "AlwaysCreate" was specified.
       GenerateTargetFrameworkMonikerAttribute:
       Skipping target "GenerateTargetFrameworkMonikerAttribute" because all output files are up-to-date with respect to the input files.
       ClCompile:
         All outputs are up-to-date.
         c:\Program Files (x86)\Microsoft Visual Studio 10.0\VC\bin\CL.exe /c /AI"C:\Program Files (x86)\Reference Assemblies\Microsoft\Framework\.NETFramework\v4.0" /Zi /clr:pure /nologo /W3 /WX- /Od /Oy- /D WIN32 /D _DEBUG /D _UNICODE /D UNICODE /EHa /MDd /GS /fp:precise /Zc:wchar_t /Zc:forScope /Yu"StdAfx.h" /Fp"Debug\ViginereEncryption.pch" /Fo"Debug\\" /Fd"Debug\vc100.pdb" /TP /FU"C:\Program Files (x86)\Reference Assemblies\Microsoft\Framework\.NETFramework\v4.0\System.Core.dll" /FU"C:\Program Files (x86)\Reference Assemblies\Microsoft\Framework\.NETFramework\v4.0\System.Data.dll" /FU"C:\Program Files (x86)\Reference Assemblies\Microsoft\Framework\.NETFramework\v4.0\System.dll" /FU"C:\Program Files (x86)\Reference Assemblies\Microsoft\Framework\.NETFramework\v4.0\System.Drawing.dll" /FU"C:\Program Files (x86)\Reference Assemblies\Microsoft\Framework\.NETFramework\v4.0\System.Windows.Forms.dll" /FU"C:\Program Files (x86)\Reference Assemblies\Microsoft\Framework\.NETFramework\v4.0\System.Xml.dll" /analyze- /errorReport:prompt ViginereEncryption.cpp /clr:nostdlib 
         ViginereEncryption.cpp
         All outputs are up-to-date.
       CoreResGen:
         No resources are out of date with respect to their source files. Skipping resource generation.
       ResourceCompile:
         All outputs are up-to-date.
       Link:
         c:\Program Files (x86)\Microsoft Visual Studio 10.0\VC\bin\link.exe /ERRORREPORT:PROMPT /OUT:"C:\Users\glenn_000\Documents\GitHub\ADS\ViginereEncryption\Debug\ViginereEncryption.exe" /INCREMENTAL /NOLOGO /ASSEMBLYRESOURCE:Debug\ViginereEncryption.Form1.resources /MANIFEST /ManifestFile:"Debug\ViginereEncryption.exe.intermediate.manifest" /MANIFESTUAC:"level='asInvoker' uiAccess='false'" /DEBUG /PDB:"C:\Users\glenn_000\Documents\GitHub\ADS\ViginereEncryption\Debug\ViginereEncryption.pdb" /ASSEMBLYDEBUG /SUBSYSTEM:WINDOWS /TLBID:1 /ENTRY:"main" /DYNAMICBASE /FIXED:NO /NXCOMPAT /MACHINE:X86 Debug\app.res
         Debug\AssemblyInfo.obj
         Debug\FileReader.obj
         Debug\KeyPhraseContainer.obj
         Debug\Manager.obj
         Debug\stdafx.obj
         Debug\ViginereCipher.obj
         Debug\ViginereEncryption.obj
         "Debug\.NETFramework,Version=v4.0.AssemblyAttributes.obj"
         ViginereEncryption.vcxproj -> C:\Users\glenn_000\Documents\GitHub\ADS\ViginereEncryption\Debug\ViginereEncryption.exe
       Manifest:
         C:\Program Files (x86)\Microsoft SDKs\Windows\v7.0A\bin\mt.exe /nologo /verbose /outputresource:"C:\Users\glenn_000\Documents\GitHub\ADS\ViginereEncryption\Debug\ViginereEncryption.exe;#1" /manifest Debug\ViginereEncryption.exe.intermediate.manifest
       FinalizeBuildStatus:
         Deleting file "Debug\ViginereEncryption.unsuccessfulbuild".
         Touching "Debug\ViginereEncryption.lastbuildstate".
     1>Done Building Project "C:\Users\glenn_000\Documents\GitHub\ADS\ViginereEncryption\ViginereEncryption\ViginereEncryption.vcxproj" (build target(s)).

Build succeeded.

Time Elapsed 00:00:00.94
