Build started 30/07/2014 11:49:53 a.m..
     1>Project "H:\My Documents\GitHub\ADS\PatientPriorityQueue\PatientPriorityQueue\PatientPriorityQueue.vcxproj" on node 2 (build target(s)).
     1>InitializeBuildStatus:
         Creating "Debug\PatientPriorityQueue.unsuccessfulbuild" because "AlwaysCreate" was specified.
       GenerateTargetFrameworkMonikerAttribute:
       Skipping target "GenerateTargetFrameworkMonikerAttribute" because all output files are up-to-date with respect to the input files.
       ClCompile:
         All outputs are up-to-date.
         All outputs are up-to-date.
         All outputs are up-to-date.
       CoreResGen:
         No resources are out of date with respect to their source files. Skipping resource generation.
       ResourceCompile:
         All outputs are up-to-date.
       Link:
         All outputs are up-to-date.
         PatientPriorityQueue.vcxproj -> H:\My Documents\GitHub\ADS\PatientPriorityQueue\Debug\PatientPriorityQueue.exe
       MetaGen:
       Skipping target "MetaGen" because all output files are up-to-date with respect to the input files.
       FinalizeBuildStatus:
         Deleting file "Debug\PatientPriorityQueue.unsuccessfulbuild".
         Touching "Debug\PatientPriorityQueue.lastbuildstate".
     1>Done Building Project "H:\My Documents\GitHub\ADS\PatientPriorityQueue\PatientPriorityQueue\PatientPriorityQueue.vcxproj" (build target(s)).

Build succeeded.

Time Elapsed 00:00:00.26
