C:\USERS\GLENN_000\DESKTOP\CURRENT WORK\ADS\PATIENTPRIORITYQUEUE\PATIENTPRIORITYQUEUE\DEBUG\PATIENTPRIORITYQUEUE.EXE
C:\USERS\GLENN_000\DESKTOP\CURRENT WORK\ADS\PATIENTPRIORITYQUEUE\PATIENTPRIORITYQUEUE\DEBUG\PATIENTPRIORITYQUEUE.ILK
C:\USERS\GLENN_000\DESKTOP\CURRENT WORK\ADS\PATIENTPRIORITYQUEUE\PATIENTPRIORITYQUEUE\DEBUG\PATIENTPRIORITYQUEUE.PDB
C:\USERS\GLENN_000\DESKTOP\CURRENT WORK\ADS\PATIENTPRIORITYQUEUE\PATIENTPRIORITYQUEUE\PATIENTPRIORITYQUEUE\DEBUG\.NETFRAMEWORK,VERSION=V4.0.ASSEMBLYATTRIBUTES.OBJ
C:\USERS\GLENN_000\DESKTOP\CURRENT WORK\ADS\PATIENTPRIORITYQUEUE\PATIENTPRIORITYQUEUE\PATIENTPRIORITYQUEUE\DEBUG\APP.RES
C:\USERS\GLENN_000\DESKTOP\CURRENT WORK\ADS\PATIENTPRIORITYQUEUE\PATIENTPRIORITYQUEUE\PATIENTPRIORITYQUEUE\DEBUG\ASSEMBLYINFO.OBJ
C:\USERS\GLENN_000\DESKTOP\CURRENT WORK\ADS\PATIENTPRIORITYQUEUE\PATIENTPRIORITYQUEUE\PATIENTPRIORITYQUEUE\DEBUG\MANAGER.OBJ
C:\USERS\GLENN_000\DESKTOP\CURRENT WORK\ADS\PATIENTPRIORITYQUEUE\PATIENTPRIORITYQUEUE\PATIENTPRIORITYQUEUE\DEBUG\PATIENT.OBJ
C:\USERS\GLENN_000\DESKTOP\CURRENT WORK\ADS\PATIENTPRIORITYQUEUE\PATIENTPRIORITYQUEUE\PATIENTPRIORITYQUEUE\DEBUG\PATIENTPRIORITYQUEUE.EXE.INTERMEDIATE.MANIFEST
C:\USERS\GLENN_000\DESKTOP\CURRENT WORK\ADS\PATIENTPRIORITYQUEUE\PATIENTPRIORITYQUEUE\PATIENTPRIORITYQUEUE\DEBUG\PATIENTPRIORITYQUEUE.OBJ
C:\USERS\GLENN_000\DESKTOP\CURRENT WORK\ADS\PATIENTPRIORITYQUEUE\PATIENTPRIORITYQUEUE\PATIENTPRIORITYQUEUE\DEBUG\PATIENTPRIORITYQUEUE.PCH
C:\USERS\GLENN_000\DESKTOP\CURRENT WORK\ADS\PATIENTPRIORITYQUEUE\PATIENTPRIORITYQUEUE\PATIENTPRIORITYQUEUE\DEBUG\PRIORITYQUEUE.OBJ
C:\USERS\GLENN_000\DESKTOP\CURRENT WORK\ADS\PATIENTPRIORITYQUEUE\PATIENTPRIORITYQUEUE\PATIENTPRIORITYQUEUE\DEBUG\STDAFX.OBJ
C:\USERS\GLENN_000\DESKTOP\CURRENT WORK\ADS\PATIENTPRIORITYQUEUE\PATIENTPRIORITYQUEUE\PATIENTPRIORITYQUEUE\DEBUG\VC100.PDB
C:\USERS\GLENN_000\DOCUMENTS\GITHUB\ADS\PATIENTPRIORITYQUEUE\DEBUG\PATIENTPRIORITYQUEUE.EXE
C:\USERS\GLENN_000\DOCUMENTS\GITHUB\ADS\PATIENTPRIORITYQUEUE\DEBUG\PATIENTPRIORITYQUEUE.ILK
C:\USERS\GLENN_000\DOCUMENTS\GITHUB\ADS\PATIENTPRIORITYQUEUE\DEBUG\PATIENTPRIORITYQUEUE.PDB
C:\Users\glenn_000\Documents\GitHub\ADS\PatientPriorityQueue\PatientPriorityQueue\Debug\.NETFramework,Version=v4.0.AssemblyAttributes.obj
C:\USERS\GLENN_000\DOCUMENTS\GITHUB\ADS\PATIENTPRIORITYQUEUE\PATIENTPRIORITYQUEUE\DEBUG\APP.RES
C:\USERS\GLENN_000\DOCUMENTS\GITHUB\ADS\PATIENTPRIORITYQUEUE\PATIENTPRIORITYQUEUE\DEBUG\ASSEMBLYINFO.OBJ
C:\Users\glenn_000\Documents\GitHub\ADS\PatientPriorityQueue\PatientPriorityQueue\Debug\cl.command.1.tlog
C:\Users\glenn_000\Documents\GitHub\ADS\PatientPriorityQueue\PatientPriorityQueue\Debug\CL.read.1.tlog
C:\Users\glenn_000\Documents\GitHub\ADS\PatientPriorityQueue\PatientPriorityQueue\Debug\CL.write.1.tlog
C:\Users\glenn_000\Documents\GitHub\ADS\PatientPriorityQueue\PatientPriorityQueue\Debug\link.2220.read.1.tlog
C:\Users\glenn_000\Documents\GitHub\ADS\PatientPriorityQueue\PatientPriorityQueue\Debug\link.2220.write.1.tlog
C:\Users\glenn_000\Documents\GitHub\ADS\PatientPriorityQueue\PatientPriorityQueue\Debug\link.2220-cvtres.read.1.tlog
C:\Users\glenn_000\Documents\GitHub\ADS\PatientPriorityQueue\PatientPriorityQueue\Debug\link.2220-cvtres.write.1.tlog
C:\Users\glenn_000\Documents\GitHub\ADS\PatientPriorityQueue\PatientPriorityQueue\Debug\link.3776.read.1.tlog
C:\Users\glenn_000\Documents\GitHub\ADS\PatientPriorityQueue\PatientPriorityQueue\Debug\link.3776.write.1.tlog
C:\Users\glenn_000\Documents\GitHub\ADS\PatientPriorityQueue\PatientPriorityQueue\Debug\link.3776-cvtres.read.1.tlog
C:\Users\glenn_000\Documents\GitHub\ADS\PatientPriorityQueue\PatientPriorityQueue\Debug\link.3776-cvtres.write.1.tlog
C:\Users\glenn_000\Documents\GitHub\ADS\PatientPriorityQueue\PatientPriorityQueue\Debug\link.3788.read.1.tlog
C:\Users\glenn_000\Documents\GitHub\ADS\PatientPriorityQueue\PatientPriorityQueue\Debug\link.3788.write.1.tlog
C:\Users\glenn_000\Documents\GitHub\ADS\PatientPriorityQueue\PatientPriorityQueue\Debug\link.3788-cvtres.read.1.tlog
C:\Users\glenn_000\Documents\GitHub\ADS\PatientPriorityQueue\PatientPriorityQueue\Debug\link.3788-cvtres.write.1.tlog
C:\Users\glenn_000\Documents\GitHub\ADS\PatientPriorityQueue\PatientPriorityQueue\Debug\link.4148.read.1.tlog
C:\Users\glenn_000\Documents\GitHub\ADS\PatientPriorityQueue\PatientPriorityQueue\Debug\link.4148.write.1.tlog
C:\Users\glenn_000\Documents\GitHub\ADS\PatientPriorityQueue\PatientPriorityQueue\Debug\link.4148-cvtres.read.1.tlog
C:\Users\glenn_000\Documents\GitHub\ADS\PatientPriorityQueue\PatientPriorityQueue\Debug\link.4148-cvtres.write.1.tlog
C:\Users\glenn_000\Documents\GitHub\ADS\PatientPriorityQueue\PatientPriorityQueue\Debug\link.444.read.1.tlog
C:\Users\glenn_000\Documents\GitHub\ADS\PatientPriorityQueue\PatientPriorityQueue\Debug\link.444.write.1.tlog
C:\Users\glenn_000\Documents\GitHub\ADS\PatientPriorityQueue\PatientPriorityQueue\Debug\link.4448.read.1.tlog
C:\Users\glenn_000\Documents\GitHub\ADS\PatientPriorityQueue\PatientPriorityQueue\Debug\link.4448.write.1.tlog
C:\Users\glenn_000\Documents\GitHub\ADS\PatientPriorityQueue\PatientPriorityQueue\Debug\link.4448-cvtres.read.1.tlog
C:\Users\glenn_000\Documents\GitHub\ADS\PatientPriorityQueue\PatientPriorityQueue\Debug\link.4448-cvtres.write.1.tlog
C:\Users\glenn_000\Documents\GitHub\ADS\PatientPriorityQueue\PatientPriorityQueue\Debug\link.444-cvtres.read.1.tlog
C:\Users\glenn_000\Documents\GitHub\ADS\PatientPriorityQueue\PatientPriorityQueue\Debug\link.444-cvtres.write.1.tlog
C:\Users\glenn_000\Documents\GitHub\ADS\PatientPriorityQueue\PatientPriorityQueue\Debug\link.4616.read.1.tlog
C:\Users\glenn_000\Documents\GitHub\ADS\PatientPriorityQueue\PatientPriorityQueue\Debug\link.4616.write.1.tlog
C:\Users\glenn_000\Documents\GitHub\ADS\PatientPriorityQueue\PatientPriorityQueue\Debug\link.4616-cvtres.read.1.tlog
C:\Users\glenn_000\Documents\GitHub\ADS\PatientPriorityQueue\PatientPriorityQueue\Debug\link.4616-cvtres.write.1.tlog
C:\Users\glenn_000\Documents\GitHub\ADS\PatientPriorityQueue\PatientPriorityQueue\Debug\link.4824.read.1.tlog
C:\Users\glenn_000\Documents\GitHub\ADS\PatientPriorityQueue\PatientPriorityQueue\Debug\link.4824.write.1.tlog
C:\Users\glenn_000\Documents\GitHub\ADS\PatientPriorityQueue\PatientPriorityQueue\Debug\link.4824-cvtres.read.1.tlog
C:\Users\glenn_000\Documents\GitHub\ADS\PatientPriorityQueue\PatientPriorityQueue\Debug\link.4824-cvtres.write.1.tlog
C:\Users\glenn_000\Documents\GitHub\ADS\PatientPriorityQueue\PatientPriorityQueue\Debug\link.5048.read.1.tlog
C:\Users\glenn_000\Documents\GitHub\ADS\PatientPriorityQueue\PatientPriorityQueue\Debug\link.5048.write.1.tlog
C:\Users\glenn_000\Documents\GitHub\ADS\PatientPriorityQueue\PatientPriorityQueue\Debug\link.5048-cvtres.read.1.tlog
C:\Users\glenn_000\Documents\GitHub\ADS\PatientPriorityQueue\PatientPriorityQueue\Debug\link.5048-cvtres.write.1.tlog
C:\Users\glenn_000\Documents\GitHub\ADS\PatientPriorityQueue\PatientPriorityQueue\Debug\link.5096.read.1.tlog
C:\Users\glenn_000\Documents\GitHub\ADS\PatientPriorityQueue\PatientPriorityQueue\Debug\link.5096.write.1.tlog
C:\Users\glenn_000\Documents\GitHub\ADS\PatientPriorityQueue\PatientPriorityQueue\Debug\link.5096-cvtres.read.1.tlog
C:\Users\glenn_000\Documents\GitHub\ADS\PatientPriorityQueue\PatientPriorityQueue\Debug\link.5096-cvtres.write.1.tlog
C:\Users\glenn_000\Documents\GitHub\ADS\PatientPriorityQueue\PatientPriorityQueue\Debug\link.5220.read.1.tlog
C:\Users\glenn_000\Documents\GitHub\ADS\PatientPriorityQueue\PatientPriorityQueue\Debug\link.5220.write.1.tlog
C:\Users\glenn_000\Documents\GitHub\ADS\PatientPriorityQueue\PatientPriorityQueue\Debug\link.5220-cvtres.read.1.tlog
C:\Users\glenn_000\Documents\GitHub\ADS\PatientPriorityQueue\PatientPriorityQueue\Debug\link.5220-cvtres.write.1.tlog
C:\Users\glenn_000\Documents\GitHub\ADS\PatientPriorityQueue\PatientPriorityQueue\Debug\link.5332.read.1.tlog
C:\Users\glenn_000\Documents\GitHub\ADS\PatientPriorityQueue\PatientPriorityQueue\Debug\link.5332.write.1.tlog
C:\Users\glenn_000\Documents\GitHub\ADS\PatientPriorityQueue\PatientPriorityQueue\Debug\link.5332-cvtres.read.1.tlog
C:\Users\glenn_000\Documents\GitHub\ADS\PatientPriorityQueue\PatientPriorityQueue\Debug\link.5332-cvtres.write.1.tlog
C:\Users\glenn_000\Documents\GitHub\ADS\PatientPriorityQueue\PatientPriorityQueue\Debug\link.5452.read.1.tlog
C:\Users\glenn_000\Documents\GitHub\ADS\PatientPriorityQueue\PatientPriorityQueue\Debug\link.5452.write.1.tlog
C:\Users\glenn_000\Documents\GitHub\ADS\PatientPriorityQueue\PatientPriorityQueue\Debug\link.5452-cvtres.read.1.tlog
C:\Users\glenn_000\Documents\GitHub\ADS\PatientPriorityQueue\PatientPriorityQueue\Debug\link.5452-cvtres.write.1.tlog
C:\Users\glenn_000\Documents\GitHub\ADS\PatientPriorityQueue\PatientPriorityQueue\Debug\link.5532.read.1.tlog
C:\Users\glenn_000\Documents\GitHub\ADS\PatientPriorityQueue\PatientPriorityQueue\Debug\link.5532.write.1.tlog
C:\Users\glenn_000\Documents\GitHub\ADS\PatientPriorityQueue\PatientPriorityQueue\Debug\link.5532-cvtres.read.1.tlog
C:\Users\glenn_000\Documents\GitHub\ADS\PatientPriorityQueue\PatientPriorityQueue\Debug\link.5532-cvtres.write.1.tlog
C:\Users\glenn_000\Documents\GitHub\ADS\PatientPriorityQueue\PatientPriorityQueue\Debug\link.5552.read.1.tlog
C:\Users\glenn_000\Documents\GitHub\ADS\PatientPriorityQueue\PatientPriorityQueue\Debug\link.5552.write.1.tlog
C:\Users\glenn_000\Documents\GitHub\ADS\PatientPriorityQueue\PatientPriorityQueue\Debug\link.5552-cvtres.read.1.tlog
C:\Users\glenn_000\Documents\GitHub\ADS\PatientPriorityQueue\PatientPriorityQueue\Debug\link.5552-cvtres.write.1.tlog
C:\Users\glenn_000\Documents\GitHub\ADS\PatientPriorityQueue\PatientPriorityQueue\Debug\link.5792.read.1.tlog
C:\Users\glenn_000\Documents\GitHub\ADS\PatientPriorityQueue\PatientPriorityQueue\Debug\link.5792.write.1.tlog
C:\Users\glenn_000\Documents\GitHub\ADS\PatientPriorityQueue\PatientPriorityQueue\Debug\link.5792-cvtres.read.1.tlog
C:\Users\glenn_000\Documents\GitHub\ADS\PatientPriorityQueue\PatientPriorityQueue\Debug\link.5792-cvtres.write.1.tlog
C:\Users\glenn_000\Documents\GitHub\ADS\PatientPriorityQueue\PatientPriorityQueue\Debug\link.6096.read.1.tlog
C:\Users\glenn_000\Documents\GitHub\ADS\PatientPriorityQueue\PatientPriorityQueue\Debug\link.6096.write.1.tlog
C:\Users\glenn_000\Documents\GitHub\ADS\PatientPriorityQueue\PatientPriorityQueue\Debug\link.6096-cvtres.read.1.tlog
C:\Users\glenn_000\Documents\GitHub\ADS\PatientPriorityQueue\PatientPriorityQueue\Debug\link.6096-cvtres.write.1.tlog
C:\Users\glenn_000\Documents\GitHub\ADS\PatientPriorityQueue\PatientPriorityQueue\Debug\link.6796.read.1.tlog
C:\Users\glenn_000\Documents\GitHub\ADS\PatientPriorityQueue\PatientPriorityQueue\Debug\link.6796.write.1.tlog
C:\Users\glenn_000\Documents\GitHub\ADS\PatientPriorityQueue\PatientPriorityQueue\Debug\link.6796-cvtres.read.1.tlog
C:\Users\glenn_000\Documents\GitHub\ADS\PatientPriorityQueue\PatientPriorityQueue\Debug\link.6796-cvtres.write.1.tlog
C:\Users\glenn_000\Documents\GitHub\ADS\PatientPriorityQueue\PatientPriorityQueue\Debug\link.7436.read.1.tlog
C:\Users\glenn_000\Documents\GitHub\ADS\PatientPriorityQueue\PatientPriorityQueue\Debug\link.7436.write.1.tlog
C:\Users\glenn_000\Documents\GitHub\ADS\PatientPriorityQueue\PatientPriorityQueue\Debug\link.7436-cvtres.read.1.tlog
C:\Users\glenn_000\Documents\GitHub\ADS\PatientPriorityQueue\PatientPriorityQueue\Debug\link.7436-cvtres.write.1.tlog
C:\Users\glenn_000\Documents\GitHub\ADS\PatientPriorityQueue\PatientPriorityQueue\Debug\link.7596.read.1.tlog
C:\Users\glenn_000\Documents\GitHub\ADS\PatientPriorityQueue\PatientPriorityQueue\Debug\link.7596.write.1.tlog
C:\Users\glenn_000\Documents\GitHub\ADS\PatientPriorityQueue\PatientPriorityQueue\Debug\link.7596-cvtres.read.1.tlog
C:\Users\glenn_000\Documents\GitHub\ADS\PatientPriorityQueue\PatientPriorityQueue\Debug\link.7596-cvtres.write.1.tlog
C:\Users\glenn_000\Documents\GitHub\ADS\PatientPriorityQueue\PatientPriorityQueue\Debug\link.8028.read.1.tlog
C:\Users\glenn_000\Documents\GitHub\ADS\PatientPriorityQueue\PatientPriorityQueue\Debug\link.8028.write.1.tlog
C:\Users\glenn_000\Documents\GitHub\ADS\PatientPriorityQueue\PatientPriorityQueue\Debug\link.8028-cvtres.read.1.tlog
C:\Users\glenn_000\Documents\GitHub\ADS\PatientPriorityQueue\PatientPriorityQueue\Debug\link.8028-cvtres.write.1.tlog
C:\Users\glenn_000\Documents\GitHub\ADS\PatientPriorityQueue\PatientPriorityQueue\Debug\link.8032.read.1.tlog
C:\Users\glenn_000\Documents\GitHub\ADS\PatientPriorityQueue\PatientPriorityQueue\Debug\link.8032.write.1.tlog
C:\Users\glenn_000\Documents\GitHub\ADS\PatientPriorityQueue\PatientPriorityQueue\Debug\link.8032-cvtres.read.1.tlog
C:\Users\glenn_000\Documents\GitHub\ADS\PatientPriorityQueue\PatientPriorityQueue\Debug\link.8032-cvtres.write.1.tlog
C:\Users\glenn_000\Documents\GitHub\ADS\PatientPriorityQueue\PatientPriorityQueue\Debug\link.8076.read.1.tlog
C:\Users\glenn_000\Documents\GitHub\ADS\PatientPriorityQueue\PatientPriorityQueue\Debug\link.8076.write.1.tlog
C:\Users\glenn_000\Documents\GitHub\ADS\PatientPriorityQueue\PatientPriorityQueue\Debug\link.8076-cvtres.read.1.tlog
C:\Users\glenn_000\Documents\GitHub\ADS\PatientPriorityQueue\PatientPriorityQueue\Debug\link.8076-cvtres.write.1.tlog
C:\Users\glenn_000\Documents\GitHub\ADS\PatientPriorityQueue\PatientPriorityQueue\Debug\link.8312.read.1.tlog
C:\Users\glenn_000\Documents\GitHub\ADS\PatientPriorityQueue\PatientPriorityQueue\Debug\link.8312.write.1.tlog
C:\Users\glenn_000\Documents\GitHub\ADS\PatientPriorityQueue\PatientPriorityQueue\Debug\link.8312-cvtres.read.1.tlog
C:\Users\glenn_000\Documents\GitHub\ADS\PatientPriorityQueue\PatientPriorityQueue\Debug\link.8312-cvtres.write.1.tlog
C:\Users\glenn_000\Documents\GitHub\ADS\PatientPriorityQueue\PatientPriorityQueue\Debug\link.8552.read.1.tlog
C:\Users\glenn_000\Documents\GitHub\ADS\PatientPriorityQueue\PatientPriorityQueue\Debug\link.8552.write.1.tlog
C:\Users\glenn_000\Documents\GitHub\ADS\PatientPriorityQueue\PatientPriorityQueue\Debug\link.8552-cvtres.read.1.tlog
C:\Users\glenn_000\Documents\GitHub\ADS\PatientPriorityQueue\PatientPriorityQueue\Debug\link.8552-cvtres.write.1.tlog
C:\Users\glenn_000\Documents\GitHub\ADS\PatientPriorityQueue\PatientPriorityQueue\Debug\link.8884.read.1.tlog
C:\Users\glenn_000\Documents\GitHub\ADS\PatientPriorityQueue\PatientPriorityQueue\Debug\link.8884.write.1.tlog
C:\Users\glenn_000\Documents\GitHub\ADS\PatientPriorityQueue\PatientPriorityQueue\Debug\link.8884-cvtres.read.1.tlog
C:\Users\glenn_000\Documents\GitHub\ADS\PatientPriorityQueue\PatientPriorityQueue\Debug\link.8884-cvtres.write.1.tlog
C:\Users\glenn_000\Documents\GitHub\ADS\PatientPriorityQueue\PatientPriorityQueue\Debug\link.9144.read.1.tlog
C:\Users\glenn_000\Documents\GitHub\ADS\PatientPriorityQueue\PatientPriorityQueue\Debug\link.9144.write.1.tlog
C:\Users\glenn_000\Documents\GitHub\ADS\PatientPriorityQueue\PatientPriorityQueue\Debug\link.9144-cvtres.read.1.tlog
C:\Users\glenn_000\Documents\GitHub\ADS\PatientPriorityQueue\PatientPriorityQueue\Debug\link.9144-cvtres.write.1.tlog
C:\Users\glenn_000\Documents\GitHub\ADS\PatientPriorityQueue\PatientPriorityQueue\Debug\link.command.1.tlog
C:\Users\glenn_000\Documents\GitHub\ADS\PatientPriorityQueue\PatientPriorityQueue\Debug\link.read.1.tlog
C:\Users\glenn_000\Documents\GitHub\ADS\PatientPriorityQueue\PatientPriorityQueue\Debug\link.write.1.tlog
C:\USERS\GLENN_000\DOCUMENTS\GITHUB\ADS\PATIENTPRIORITYQUEUE\PATIENTPRIORITYQUEUE\DEBUG\MANAGER.OBJ
C:\Users\glenn_000\Documents\GitHub\ADS\PatientPriorityQueue\PatientPriorityQueue\Debug\metagen.read.1.tlog
C:\Users\glenn_000\Documents\GitHub\ADS\PatientPriorityQueue\PatientPriorityQueue\Debug\metagen.write.1.tlog
C:\Users\glenn_000\Documents\GitHub\ADS\PatientPriorityQueue\PatientPriorityQueue\Debug\mt.command.1.tlog
C:\Users\glenn_000\Documents\GitHub\ADS\PatientPriorityQueue\PatientPriorityQueue\Debug\mt.read.1.tlog
C:\Users\glenn_000\Documents\GitHub\ADS\PatientPriorityQueue\PatientPriorityQueue\Debug\mt.write.1.tlog
C:\USERS\GLENN_000\DOCUMENTS\GITHUB\ADS\PATIENTPRIORITYQUEUE\PATIENTPRIORITYQUEUE\DEBUG\PATIENT.OBJ
C:\USERS\GLENN_000\DOCUMENTS\GITHUB\ADS\PATIENTPRIORITYQUEUE\PATIENTPRIORITYQUEUE\DEBUG\PATIENTPRIORITYQUEUE.EXE.INTERMEDIATE.MANIFEST
C:\Users\glenn_000\Documents\GitHub\ADS\PatientPriorityQueue\PatientPriorityQueue\Debug\PatientPriorityQueue.Form1.resources
C:\USERS\GLENN_000\DOCUMENTS\GITHUB\ADS\PATIENTPRIORITYQUEUE\PATIENTPRIORITYQUEUE\DEBUG\PATIENTPRIORITYQUEUE.OBJ
C:\USERS\GLENN_000\DOCUMENTS\GITHUB\ADS\PATIENTPRIORITYQUEUE\PATIENTPRIORITYQUEUE\DEBUG\PATIENTPRIORITYQUEUE.PCH
C:\Users\glenn_000\Documents\GitHub\ADS\PatientPriorityQueue\PatientPriorityQueue\Debug\PatientPriorityQueue.vcxproj.GenerateResource.Cache
C:\Users\glenn_000\Documents\GitHub\ADS\PatientPriorityQueue\PatientPriorityQueue\Debug\PatientPriorityQueue.vcxprojResolveAssemblyReference.cache
C:\Users\glenn_000\Documents\GitHub\ADS\PatientPriorityQueue\PatientPriorityQueue\Debug\PatientPriorityQueue.write.1.tlog
C:\USERS\GLENN_000\DOCUMENTS\GITHUB\ADS\PATIENTPRIORITYQUEUE\PATIENTPRIORITYQUEUE\DEBUG\PRIORITYQUEUE.OBJ
C:\Users\glenn_000\Documents\GitHub\ADS\PatientPriorityQueue\PatientPriorityQueue\Debug\rc.command.1.tlog
C:\Users\glenn_000\Documents\GitHub\ADS\PatientPriorityQueue\PatientPriorityQueue\Debug\rc.read.1.tlog
C:\Users\glenn_000\Documents\GitHub\ADS\PatientPriorityQueue\PatientPriorityQueue\Debug\rc.write.1.tlog
C:\Users\glenn_000\Documents\GitHub\ADS\PatientPriorityQueue\PatientPriorityQueue\Debug\RSAENH.DLL.bi
C:\USERS\GLENN_000\DOCUMENTS\GITHUB\ADS\PATIENTPRIORITYQUEUE\PATIENTPRIORITYQUEUE\DEBUG\STDAFX.OBJ
C:\Users\glenn_000\Documents\GitHub\ADS\PatientPriorityQueue\PatientPriorityQueue\Debug\TZRES.DLL.bi
C:\USERS\GLENN_000\DOCUMENTS\GITHUB\ADS\PATIENTPRIORITYQUEUE\PATIENTPRIORITYQUEUE\DEBUG\VC100.PDB
H:\MY DOCUMENTS\VISUAL STUDIO 2010\PROJECTS\PATIENTPRIORITYQUEUE\PATIENTPRIORITYQUEUE\DEBUG\VC100.PDB
